-------------------------------------------------------------------------------
Test set: dipetclinic.DiPetClinicApplicationTests
-------------------------------------------------------------------------------
Tests run: 1, Failures: 0, Errors: 1, Skipped: 0, Time elapsed: 0.409 s <<< FAILURE! - in dipetclinic.DiPetClinicApplicationTests
initializationError(dipetclinic.DiPetClinicApplicationTests)  Time elapsed: 0.002 s  <<< ERROR!
java.lang.IllegalStateException: Unable to find a @SpringBootConfiguration, you need to use @ContextConfiguration or @SpringBootTest(classes=...) with your test

