<?xml version="1.0" encoding="UTF-8"?>
<testsuite xmlns:xsi="http://www.w3.org/2001/XMLSchema-instance" xsi:noNamespaceSchemaLocation="https://maven.apache.org/surefire/maven-surefire-plugin/xsd/surefire-test-report.xsd" name="dipetclinic.DiPetClinicApplicationTests" time="0.409" tests="1" errors="1" skipped="0" failures="0">
  <properties>
[...]
</properties>
  <testcase name="initializationError" classname="dipetclinic.DiPetClinicApplicationTests" time="0.002">
    <error message="Unable to find a @SpringBootConfiguration, you need to use @ContextConfiguration or @SpringBootTest(classes=...) with your test" type="java.lang.IllegalStateException">java.lang.IllegalStateException: Unable to find a @SpringBootConfiguration, you need to use @ContextConfiguration or @SpringBootTest(classes=...) with your test
</error>
    <system-out><![CDATA[16:04:55.007 [main] DEBUG org.springframework.test.context.junit4.SpringJUnit4ClassRunner - SpringJUnit4ClassRunner constructor called with [class dipetclinic.DiPetClinicApplicationTests]
16:04:55.012 [main] DEBUG org.springframework.test.context.BootstrapUtils - Instantiating CacheAwareContextLoaderDelegate from class [org.springframework.test.context.cache.DefaultCacheAwareContextLoaderDelegate]
16:04:55.018 [main] DEBUG org.springframework.test.context.BootstrapUtils - Instantiating BootstrapContext using constructor [public org.springframework.test.context.support.DefaultBootstrapContext(java.lang.Class,org.springframework.test.context.CacheAwareContextLoaderDelegate)]
16:04:55.036 [main] DEBUG org.springframework.test.context.BootstrapUtils - Instantiating TestContextBootstrapper for test class [dipetclinic.DiPetClinicApplicationTests] from class [org.springframework.boot.test.context.SpringBootTestContextBootstrapper]
16:04:55.057 [main] INFO org.springframework.boot.test.context.SpringBootTestContextBootstrapper - Neither @ContextConfiguration nor @ContextHierarchy found for test class [dipetclinic.DiPetClinicApplicationTests], using SpringBootContextLoader
16:04:55.060 [main] DEBUG org.springframework.test.context.support.AbstractContextLoader - Did not detect default resource location for test class [dipetclinic.DiPetClinicApplicationTests]: class path resource [dipetclinic/DiPetClinicApplicationTests-context.xml] does not exist
16:04:55.061 [main] DEBUG org.springframework.test.context.support.AbstractContextLoader - Did not detect default resource location for test class [dipetclinic.DiPetClinicApplicationTests]: class path resource [dipetclinic/DiPetClinicApplicationTestsContext.groovy] does not exist
16:04:55.061 [main] INFO org.springframework.test.context.support.AbstractContextLoader - Could not detect default resource locations for test class [dipetclinic.DiPetClinicApplicationTests]: no resource found for suffixes {-context.xml, Context.groovy}.
16:04:55.062 [main] INFO org.springframework.test.context.support.AnnotationConfigContextLoaderUtils - Could not detect default configuration classes for test class [dipetclinic.DiPetClinicApplicationTests]: DiPetClinicApplicationTests does not declare any static, non-private, non-final, nested classes annotated with @Configuration.
16:04:55.100 [main] DEBUG org.springframework.test.context.support.ActiveProfilesUtils - Could not find an 'annotation declaring class' for annotation type [org.springframework.test.context.ActiveProfiles] and class [dipetclinic.DiPetClinicApplicationTests]
16:04:55.108 [main] DEBUG org.springframework.core.env.StandardEnvironment - Adding PropertySource 'systemProperties' with lowest search precedence
16:04:55.109 [main] DEBUG org.springframework.core.env.StandardEnvironment - Adding PropertySource 'systemEnvironment' with lowest search precedence
16:04:55.109 [main] DEBUG org.springframework.core.env.StandardEnvironment - Initialized StandardEnvironment with PropertySources [MapPropertySource@1032000752 {name='systemProperties', properties={idea.version=2018.1.5, java.runtime.name=Java(TM) SE Runtime Environment, sun.boot.library.path=/usr/java/jdk1.8.0_181-amd64/jre/lib/amd64, java.vm.version=25.181-b13, java.vm.vendor=Oracle Corporation, java.vendor.url=http://java.oracle.com/, path.separator=:, java.vm.name=Java HotSpot(TM) 64-Bit Server VM, file.encoding.pkg=sun.io, user.country=IE, sun.java.launcher=SUN_STANDARD, sun.os.patch.level=unknown, java.vm.specification.name=Java Virtual Machine Specification, user.dir=/home/mikel.zuzuarregui/workspace/di-pet-clinic/pet-clinic-web, java.runtime.version=1.8.0_181-b13, basedir=/home/mikel.zuzuarregui/workspace/di-pet-clinic/pet-clinic-web, java.awt.graphicsenv=sun.awt.X11GraphicsEnvironment, java.endorsed.dirs=/usr/java/jdk1.8.0_181-amd64/jre/lib/endorsed, os.arch=amd64, surefire.real.class.path=/home/mikel.zuzuarregui/workspace/di-pet-clinic/pet-clinic-web/target/surefire/surefirebooter6222916237523675612.jar, java.io.tmpdir=/tmp, line.separator=
, java.vm.specification.vendor=Oracle Corporation, os.name=Linux, sun.jnu.encoding=UTF-8, java.library.path=/usr/java/packages/lib/amd64:/usr/lib64:/lib64:/lib:/usr/lib, surefire.test.class.path=/home/mikel.zuzuarregui/workspace/di-pet-clinic/pet-clinic-web/target/test-classes:/home/mikel.zuzuarregui/workspace/di-pet-clinic/pet-clinic-web/target/classes:/home/mikel.zuzuarregui/workspace/di-pet-clinic/pet-clinic-data/target/pet-clinic-data-0.0.1-SNAPSHOT.jar:/home/mikel.zuzuarregui/.m2/repository/org/springframework/boot/spring-boot-starter-data-jpa/2.0.4.RELEASE/spring-boot-starter-data-jpa-2.0.4.RELEASE.jar:/home/mikel.zuzuarregui/.m2/repository/org/springframework/boot/spring-boot-starter-aop/2.0.4.RELEASE/spring-boot-starter-aop-2.0.4.RELEASE.jar:/home/mikel.zuzuarregui/.m2/repository/org/aspectj/aspectjweaver/1.8.13/aspectjweaver-1.8.13.jar:/home/mikel.zuzuarregui/.m2/repository/org/springframework/boot/spring-boot-starter-jdbc/2.0.4.RELEASE/spring-boot-starter-jdbc-2.0.4.RELEASE.jar:/home/mikel.zuzuarregui/.m2/repository/com/zaxxer/HikariCP/2.7.9/HikariCP-2.7.9.jar:/home/mikel.zuzuarregui/.m2/repository/org/springframework/spring-jdbc/5.0.8.RELEASE/spring-jdbc-5.0.8.RELEASE.jar:/home/mikel.zuzuarregui/.m2/repository/org/hibernate/hibernate-core/5.2.17.Final/hibernate-core-5.2.17.Final.jar:/home/mikel.zuzuarregui/.m2/repository/org/hibernate/javax/persistence/hibernate-jpa-2.1-api/1.0.2.Final/hibernate-jpa-2.1-api-1.0.2.Final.jar:/home/mikel.zuzuarregui/.m2/repository/org/javassist/javassist/3.22.0-GA/javassist-3.22.0-GA.jar:/home/mikel.zuzuarregui/.m2/repository/antlr/antlr/2.7.7/antlr-2.7.7.jar:/home/mikel.zuzuarregui/.m2/repository/org/jboss/jandex/2.0.3.Final/jandex-2.0.3.Final.jar:/home/mikel.zuzuarregui/.m2/repository/dom4j/dom4j/1.6.1/dom4j-1.6.1.jar:/home/mikel.zuzuarregui/.m2/repository/org/hibernate/common/hibernate-commons-annotations/5.0.1.Final/hibernate-commons-annotations-5.0.1.Final.jar:/home/mikel.zuzuarregui/.m2/repository/javax/transaction/javax.transaction-api/1.2/javax.transaction-api-1.2.jar:/home/mikel.zuzuarregui/.m2/repository/org/springframework/data/spring-data-jpa/2.0.9.RELEASE/spring-data-jpa-2.0.9.RELEASE.jar:/home/mikel.zuzuarregui/.m2/repository/org/springframework/data/spring-data-commons/2.0.9.RELEASE/spring-data-commons-2.0.9.RELEASE.jar:/home/mikel.zuzuarregui/.m2/repository/org/springframework/spring-orm/5.0.8.RELEASE/spring-orm-5.0.8.RELEASE.jar:/home/mikel.zuzuarregui/.m2/repository/org/springframework/spring-tx/5.0.8.RELEASE/spring-tx-5.0.8.RELEASE.jar:/home/mikel.zuzuarregui/.m2/repository/org/springframework/spring-aspects/5.0.8.RELEASE/spring-aspects-5.0.8.RELEASE.jar:/home/mikel.zuzuarregui/.m2/repository/com/h2database/h2/1.4.197/h2-1.4.197.jar:/home/mikel.zuzuarregui/.m2/repository/mysql/mysql-connector-java/5.1.46/mysql-connector-java-5.1.46.jar:/home/mikel.zuzuarregui/.m2/repository/org/springframework/boot/spring-boot-starter-actuator/2.0.4.RELEASE/spring-boot-starter-actuator-2.0.4.RELEASE.jar:/home/mikel.zuzuarregui/.m2/repository/org/springframework/boot/spring-boot-starter/2.0.4.RELEASE/spring-boot-starter-2.0.4.RELEASE.jar:/home/mikel.zuzuarregui/.m2/repository/org/springframework/boot/spring-boot-starter-logging/2.0.4.RELEASE/spring-boot-starter-logging-2.0.4.RELEASE.jar:/home/mikel.zuzuarregui/.m2/repository/ch/qos/logback/logback-classic/1.2.3/logback-classic-1.2.3.jar:/home/mikel.zuzuarregui/.m2/repository/ch/qos/logback/logback-core/1.2.3/logback-core-1.2.3.jar:/home/mikel.zuzuarregui/.m2/repository/org/apache/logging/log4j/log4j-to-slf4j/2.10.0/log4j-to-slf4j-2.10.0.jar:/home/mikel.zuzuarregui/.m2/repository/org/apache/logging/log4j/log4j-api/2.10.0/log4j-api-2.10.0.jar:/home/mikel.zuzuarregui/.m2/repository/org/slf4j/jul-to-slf4j/1.7.25/jul-to-slf4j-1.7.25.jar:/home/mikel.zuzuarregui/.m2/repository/javax/annotation/javax.annotation-api/1.3.2/javax.annotation-api-1.3.2.jar:/home/mikel.zuzuarregui/.m2/repository/org/yaml/snakeyaml/1.19/snakeyaml-1.19.jar:/home/mikel.zuzuarregui/.m2/repository/org/springframework/boot/spring-boot-actuator-autoconfigure/2.0.4.RELEASE/spring-boot-actuator-autoconfigure-2.0.4.RELEASE.jar:/home/mikel.zuzuarregui/.m2/repository/org/springframework/boot/spring-boot-actuator/2.0.4.RELEASE/spring-boot-actuator-2.0.4.RELEASE.jar:/home/mikel.zuzuarregui/.m2/repository/com/fasterxml/jackson/core/jackson-databind/2.9.6/jackson-databind-2.9.6.jar:/home/mikel.zuzuarregui/.m2/repository/com/fasterxml/jackson/core/jackson-annotations/2.9.0/jackson-annotations-2.9.0.jar:/home/mikel.zuzuarregui/.m2/repository/org/springframework/spring-context/5.0.8.RELEASE/spring-context-5.0.8.RELEASE.jar:/home/mikel.zuzuarregui/.m2/repository/com/fasterxml/jackson/datatype/jackson-datatype-jsr310/2.9.6/jackson-datatype-jsr310-2.9.6.jar:/home/mikel.zuzuarregui/.m2/repository/io/micrometer/micrometer-core/1.0.6/micrometer-core-1.0.6.jar:/home/mikel.zuzuarregui/.m2/repository/org/hdrhistogram/HdrHistogram/2.1.10/HdrHistogram-2.1.10.jar:/home/mikel.zuzuarregui/.m2/repository/org/latencyutils/LatencyUtils/2.0.3/LatencyUtils-2.0.3.jar:/home/mikel.zuzuarregui/.m2/repository/org/springframework/boot/spring-boot-starter-thymeleaf/2.0.4.RELEASE/spring-boot-starter-thymeleaf-2.0.4.RELEASE.jar:/home/mikel.zuzuarregui/.m2/repository/org/thymeleaf/thymeleaf-spring5/3.0.9.RELEASE/thymeleaf-spring5-3.0.9.RELEASE.jar:/home/mikel.zuzuarregui/.m2/repository/org/thymeleaf/thymeleaf/3.0.9.RELEASE/thymeleaf-3.0.9.RELEASE.jar:/home/mikel.zuzuarregui/.m2/repository/org/attoparser/attoparser/2.0.4.RELEASE/attoparser-2.0.4.RELEASE.jar:/home/mikel.zuzuarregui/.m2/repository/org/unbescape/unbescape/1.1.5.RELEASE/unbescape-1.1.5.RELEASE.jar:/home/mikel.zuzuarregui/.m2/repository/org/thymeleaf/extras/thymeleaf-extras-java8time/3.0.1.RELEASE/thymeleaf-extras-java8time-3.0.1.RELEASE.jar:/home/mikel.zuzuarregui/.m2/repository/org/springframework/boot/spring-boot-starter-web/2.0.4.RELEASE/spring-boot-starter-web-2.0.4.RELEASE.jar:/home/mikel.zuzuarregui/.m2/repository/org/springframework/boot/spring-boot-starter-json/2.0.4.RELEASE/spring-boot-starter-json-2.0.4.RELEASE.jar:/home/mikel.zuzuarregui/.m2/repository/com/fasterxml/jackson/datatype/jackson-datatype-jdk8/2.9.6/jackson-datatype-jdk8-2.9.6.jar:/home/mikel.zuzuarregui/.m2/repository/com/fasterxml/jackson/module/jackson-module-parameter-names/2.9.6/jackson-module-parameter-names-2.9.6.jar:/home/mikel.zuzuarregui/.m2/repository/org/springframework/boot/spring-boot-starter-tomcat/2.0.4.RELEASE/spring-boot-starter-tomcat-2.0.4.RELEASE.jar:/home/mikel.zuzuarregui/.m2/repository/org/apache/tomcat/embed/tomcat-embed-core/8.5.32/tomcat-embed-core-8.5.32.jar:/home/mikel.zuzuarregui/.m2/repository/org/apache/tomcat/embed/tomcat-embed-el/8.5.32/tomcat-embed-el-8.5.32.jar:/home/mikel.zuzuarregui/.m2/repository/org/apache/tomcat/embed/tomcat-embed-websocket/8.5.32/tomcat-embed-websocket-8.5.32.jar:/home/mikel.zuzuarregui/.m2/repository/org/hibernate/validator/hibernate-validator/6.0.11.Final/hibernate-validator-6.0.11.Final.jar:/home/mikel.zuzuarregui/.m2/repository/javax/validation/validation-api/2.0.1.Final/validation-api-2.0.1.Final.jar:/home/mikel.zuzuarregui/.m2/repository/org/jboss/logging/jboss-logging/3.3.2.Final/jboss-logging-3.3.2.Final.jar:/home/mikel.zuzuarregui/.m2/repository/com/fasterxml/classmate/1.3.4/classmate-1.3.4.jar:/home/mikel.zuzuarregui/.m2/repository/org/springframework/spring-web/5.0.8.RELEASE/spring-web-5.0.8.RELEASE.jar:/home/mikel.zuzuarregui/.m2/repository/org/springframework/spring-beans/5.0.8.RELEASE/spring-beans-5.0.8.RELEASE.jar:/home/mikel.zuzuarregui/.m2/repository/org/springframework/spring-webmvc/5.0.8.RELEASE/spring-webmvc-5.0.8.RELEASE.jar:/home/mikel.zuzuarregui/.m2/repository/org/springframework/spring-aop/5.0.8.RELEASE/spring-aop-5.0.8.RELEASE.jar:/home/mikel.zuzuarregui/.m2/repository/org/springframework/spring-expression/5.0.8.RELEASE/spring-expression-5.0.8.RELEASE.jar:/home/mikel.zuzuarregui/.m2/repository/org/springframework/boot/spring-boot-devtools/2.0.4.RELEASE/spring-boot-devtools-2.0.4.RELEASE.jar:/home/mikel.zuzuarregui/.m2/repository/org/springframework/boot/spring-boot/2.0.4.RELEASE/spring-boot-2.0.4.RELEASE.jar:/home/mikel.zuzuarregui/.m2/repository/org/springframework/boot/spring-boot-autoconfigure/2.0.4.RELEASE/spring-boot-autoconfigure-2.0.4.RELEASE.jar:/home/mikel.zuzuarregui/.m2/repository/org/webjars/webjars-locator-core/0.35/webjars-locator-core-0.35.jar:/home/mikel.zuzuarregui/.m2/repository/org/slf4j/slf4j-api/1.7.25/slf4j-api-1.7.25.jar:/home/mikel.zuzuarregui/.m2/repository/org/apache/commons/commons-lang3/3.7/commons-lang3-3.7.jar:/home/mikel.zuzuarregui/.m2/repository/org/apache/commons/commons-compress/1.9/commons-compress-1.9.jar:/home/mikel.zuzuarregui/.m2/repository/com/fasterxml/jackson/core/jackson-core/2.9.6/jackson-core-2.9.6.jar:/home/mikel.zuzuarregui/.m2/repository/org/webjars/jquery/2.2.4/jquery-2.2.4.jar:/home/mikel.zuzuarregui/.m2/repository/org/webjars/jquery-ui/1.11.4/jquery-ui-1.11.4.jar:/home/mikel.zuzuarregui/.m2/repository/org/webjars/bootstrap/3.3.6/bootstrap-3.3.6.jar:/home/mikel.zuzuarregui/.m2/repository/org/springframework/boot/spring-boot-starter-test/2.0.4.RELEASE/spring-boot-starter-test-2.0.4.RELEASE.jar:/home/mikel.zuzuarregui/.m2/repository/org/springframework/boot/spring-boot-test/2.0.4.RELEASE/spring-boot-test-2.0.4.RELEASE.jar:/home/mikel.zuzuarregui/.m2/repository/org/springframework/boot/spring-boot-test-autoconfigure/2.0.4.RELEASE/spring-boot-test-autoconfigure-2.0.4.RELEASE.jar:/home/mikel.zuzuarregui/.m2/repository/com/jayway/jsonpath/json-path/2.4.0/json-path-2.4.0.jar:/home/mikel.zuzuarregui/.m2/repository/net/minidev/json-smart/2.3/json-smart-2.3.jar:/home/mikel.zuzuarregui/.m2/repository/net/minidev/accessors-smart/1.2/accessors-smart-1.2.jar:/home/mikel.zuzuarregui/.m2/repository/org/ow2/asm/asm/5.0.4/asm-5.0.4.jar:/home/mikel.zuzuarregui/.m2/repository/junit/junit/4.12/junit-4.12.jar:/home/mikel.zuzuarregui/.m2/repository/org/assertj/assertj-core/3.9.1/assertj-core-3.9.1.jar:/home/mikel.zuzuarregui/.m2/repository/org/mockito/mockito-core/2.15.0/mockito-core-2.15.0.jar:/home/mikel.zuzuarregui/.m2/repository/net/bytebuddy/byte-buddy/1.7.11/byte-buddy-1.7.11.jar:/home/mikel.zuzuarregui/.m2/repository/net/bytebuddy/byte-buddy-agent/1.7.11/byte-buddy-agent-1.7.11.jar:/home/mikel.zuzuarregui/.m2/repository/org/objenesis/objenesis/2.6/objenesis-2.6.jar:/home/mikel.zuzuarregui/.m2/repository/org/hamcrest/hamcrest-core/1.3/hamcrest-core-1.3.jar:/home/mikel.zuzuarregui/.m2/repository/org/hamcrest/hamcrest-library/1.3/hamcrest-library-1.3.jar:/home/mikel.zuzuarregui/.m2/repository/org/skyscreamer/jsonassert/1.5.0/jsonassert-1.5.0.jar:/home/mikel.zuzuarregui/.m2/repository/com/vaadin/external/google/android-json/0.0.20131108.vaadin1/android-json-0.0.20131108.vaadin1.jar:/home/mikel.zuzuarregui/.m2/repository/org/springframework/spring-core/5.0.8.RELEASE/spring-core-5.0.8.RELEASE.jar:/home/mikel.zuzuarregui/.m2/repository/org/springframework/spring-jcl/5.0.8.RELEASE/spring-jcl-5.0.8.RELEASE.jar:/home/mikel.zuzuarregui/.m2/repository/org/springframework/spring-test/5.0.8.RELEASE/spring-test-5.0.8.RELEASE.jar:/home/mikel.zuzuarregui/.m2/repository/org/xmlunit/xmlunit-core/2.5.1/xmlunit-core-2.5.1.jar:, java.specification.name=Java Platform API Specification, java.class.version=52.0, sun.management.compiler=HotSpot 64-Bit Tiered Compilers, os.version=3.10.0-862.11.6.el7.x86_64, user.home=/home/mikel.zuzuarregui, user.timezone=Europe/Dublin, java.awt.printerjob=sun.print.PSPrinterJob, file.encoding=UTF-8, java.specification.version=1.8, java.class.path=/home/mikel.zuzuarregui/workspace/di-pet-clinic/pet-clinic-web/target/test-classes:/home/mikel.zuzuarregui/workspace/di-pet-clinic/pet-clinic-web/target/classes:/home/mikel.zuzuarregui/workspace/di-pet-clinic/pet-clinic-data/target/pet-clinic-data-0.0.1-SNAPSHOT.jar:/home/mikel.zuzuarregui/.m2/repository/org/springframework/boot/spring-boot-starter-data-jpa/2.0.4.RELEASE/spring-boot-starter-data-jpa-2.0.4.RELEASE.jar:/home/mikel.zuzuarregui/.m2/repository/org/springframework/boot/spring-boot-starter-aop/2.0.4.RELEASE/spring-boot-starter-aop-2.0.4.RELEASE.jar:/home/mikel.zuzuarregui/.m2/repository/org/aspectj/aspectjweaver/1.8.13/aspectjweaver-1.8.13.jar:/home/mikel.zuzuarregui/.m2/repository/org/springframework/boot/spring-boot-starter-jdbc/2.0.4.RELEASE/spring-boot-starter-jdbc-2.0.4.RELEASE.jar:/home/mikel.zuzuarregui/.m2/repository/com/zaxxer/HikariCP/2.7.9/HikariCP-2.7.9.jar:/home/mikel.zuzuarregui/.m2/repository/org/springframework/spring-jdbc/5.0.8.RELEASE/spring-jdbc-5.0.8.RELEASE.jar:/home/mikel.zuzuarregui/.m2/repository/org/hibernate/hibernate-core/5.2.17.Final/hibernate-core-5.2.17.Final.jar:/home/mikel.zuzuarregui/.m2/repository/org/hibernate/javax/persistence/hibernate-jpa-2.1-api/1.0.2.Final/hibernate-jpa-2.1-api-1.0.2.Final.jar:/home/mikel.zuzuarregui/.m2/repository/org/javassist/javassist/3.22.0-GA/javassist-3.22.0-GA.jar:/home/mikel.zuzuarregui/.m2/repository/antlr/antlr/2.7.7/antlr-2.7.7.jar:/home/mikel.zuzuarregui/.m2/repository/org/jboss/jandex/2.0.3.Final/jandex-2.0.3.Final.jar:/home/mikel.zuzuarregui/.m2/repository/dom4j/dom4j/1.6.1/dom4j-1.6.1.jar:/home/mikel.zuzuarregui/.m2/repository/org/hibernate/common/hibernate-commons-annotations/5.0.1.Final/hibernate-commons-annotations-5.0.1.Final.jar:/home/mikel.zuzuarregui/.m2/repository/javax/transaction/javax.transaction-api/1.2/javax.transaction-api-1.2.jar:/home/mikel.zuzuarregui/.m2/repository/org/springframework/data/spring-data-jpa/2.0.9.RELEASE/spring-data-jpa-2.0.9.RELEASE.jar:/home/mikel.zuzuarregui/.m2/repository/org/springframework/data/spring-data-commons/2.0.9.RELEASE/spring-data-commons-2.0.9.RELEASE.jar:/home/mikel.zuzuarregui/.m2/repository/org/springframework/spring-orm/5.0.8.RELEASE/spring-orm-5.0.8.RELEASE.jar:/home/mikel.zuzuarregui/.m2/repository/org/springframework/spring-tx/5.0.8.RELEASE/spring-tx-5.0.8.RELEASE.jar:/home/mikel.zuzuarregui/.m2/repository/org/springframework/spring-aspects/5.0.8.RELEASE/spring-aspects-5.0.8.RELEASE.jar:/home/mikel.zuzuarregui/.m2/repository/com/h2database/h2/1.4.197/h2-1.4.197.jar:/home/mikel.zuzuarregui/.m2/repository/mysql/mysql-connector-java/5.1.46/mysql-connector-java-5.1.46.jar:/home/mikel.zuzuarregui/.m2/repository/org/springframework/boot/spring-boot-starter-actuator/2.0.4.RELEASE/spring-boot-starter-actuator-2.0.4.RELEASE.jar:/home/mikel.zuzuarregui/.m2/repository/org/springframework/boot/spring-boot-starter/2.0.4.RELEASE/spring-boot-starter-2.0.4.RELEASE.jar:/home/mikel.zuzuarregui/.m2/repository/org/springframework/boot/spring-boot-starter-logging/2.0.4.RELEASE/spring-boot-starter-logging-2.0.4.RELEASE.jar:/home/mikel.zuzuarregui/.m2/repository/ch/qos/logback/logback-classic/1.2.3/logback-classic-1.2.3.jar:/home/mikel.zuzuarregui/.m2/repository/ch/qos/logback/logback-core/1.2.3/logback-core-1.2.3.jar:/home/mikel.zuzuarregui/.m2/repository/org/apache/logging/log4j/log4j-to-slf4j/2.10.0/log4j-to-slf4j-2.10.0.jar:/home/mikel.zuzuarregui/.m2/repository/org/apache/logging/log4j/log4j-api/2.10.0/log4j-api-2.10.0.jar:/home/mikel.zuzuarregui/.m2/repository/org/slf4j/jul-to-slf4j/1.7.25/jul-to-slf4j-1.7.25.jar:/home/mikel.zuzuarregui/.m2/repository/javax/annotation/javax.annotation-api/1.3.2/javax.annotation-api-1.3.2.jar:/home/mikel.zuzuarregui/.m2/repository/org/yaml/snakeyaml/1.19/snakeyaml-1.19.jar:/home/mikel.zuzuarregui/.m2/repository/org/springframework/boot/spring-boot-actuator-autoconfigure/2.0.4.RELEASE/spring-boot-actuator-autoconfigure-2.0.4.RELEASE.jar:/home/mikel.zuzuarregui/.m2/repository/org/springframework/boot/spring-boot-actuator/2.0.4.RELEASE/spring-boot-actuator-2.0.4.RELEASE.jar:/home/mikel.zuzuarregui/.m2/repository/com/fasterxml/jackson/core/jackson-databind/2.9.6/jackson-databind-2.9.6.jar:/home/mikel.zuzuarregui/.m2/repository/com/fasterxml/jackson/core/jackson-annotations/2.9.0/jackson-annotations-2.9.0.jar:/home/mikel.zuzuarregui/.m2/repository/org/springframework/spring-context/5.0.8.RELEASE/spring-context-5.0.8.RELEASE.jar:/home/mikel.zuzuarregui/.m2/repository/com/fasterxml/jackson/datatype/jackson-datatype-jsr310/2.9.6/jackson-datatype-jsr310-2.9.6.jar:/home/mikel.zuzuarregui/.m2/repository/io/micrometer/micrometer-core/1.0.6/micrometer-core-1.0.6.jar:/home/mikel.zuzuarregui/.m2/repository/org/hdrhistogram/HdrHistogram/2.1.10/HdrHistogram-2.1.10.jar:/home/mikel.zuzuarregui/.m2/repository/org/latencyutils/LatencyUtils/2.0.3/LatencyUtils-2.0.3.jar:/home/mikel.zuzuarregui/.m2/repository/org/springframework/boot/spring-boot-starter-thymeleaf/2.0.4.RELEASE/spring-boot-starter-thymeleaf-2.0.4.RELEASE.jar:/home/mikel.zuzuarregui/.m2/repository/org/thymeleaf/thymeleaf-spring5/3.0.9.RELEASE/thymeleaf-spring5-3.0.9.RELEASE.jar:/home/mikel.zuzuarregui/.m2/repository/org/thymeleaf/thymeleaf/3.0.9.RELEASE/thymeleaf-3.0.9.RELEASE.jar:/home/mikel.zuzuarregui/.m2/repository/org/attoparser/attoparser/2.0.4.RELEASE/attoparser-2.0.4.RELEASE.jar:/home/mikel.zuzuarregui/.m2/repository/org/unbescape/unbescape/1.1.5.RELEASE/unbescape-1.1.5.RELEASE.jar:/home/mikel.zuzuarregui/.m2/repository/org/thymeleaf/extras/thymeleaf-extras-java8time/3.0.1.RELEASE/thymeleaf-extras-java8time-3.0.1.RELEASE.jar:/home/mikel.zuzuarregui/.m2/repository/org/springframework/boot/spring-boot-starter-web/2.0.4.RELEASE/spring-boot-starter-web-2.0.4.RELEASE.jar:/home/mikel.zuzuarregui/.m2/repository/org/springframework/boot/spring-boot-starter-json/2.0.4.RELEASE/spring-boot-starter-json-2.0.4.RELEASE.jar:/home/mikel.zuzuarregui/.m2/repository/com/fasterxml/jackson/datatype/jackson-datatype-jdk8/2.9.6/jackson-datatype-jdk8-2.9.6.jar:/home/mikel.zuzuarregui/.m2/repository/com/fasterxml/jackson/module/jackson-module-parameter-names/2.9.6/jackson-module-parameter-names-2.9.6.jar:/home/mikel.zuzuarregui/.m2/repository/org/springframework/boot/spring-boot-starter-tomcat/2.0.4.RELEASE/spring-boot-starter-tomcat-2.0.4.RELEASE.jar:/home/mikel.zuzuarregui/.m2/repository/org/apache/tomcat/embed/tomcat-embed-core/8.5.32/tomcat-embed-core-8.5.32.jar:/home/mikel.zuzuarregui/.m2/repository/org/apache/tomcat/embed/tomcat-embed-el/8.5.32/tomcat-embed-el-8.5.32.jar:/home/mikel.zuzuarregui/.m2/repository/org/apache/tomcat/embed/tomcat-embed-websocket/8.5.32/tomcat-embed-websocket-8.5.32.jar:/home/mikel.zuzuarregui/.m2/repository/org/hibernate/validator/hibernate-validator/6.0.11.Final/hibernate-validator-6.0.11.Final.jar:/home/mikel.zuzuarregui/.m2/repository/javax/validation/validation-api/2.0.1.Final/validation-api-2.0.1.Final.jar:/home/mikel.zuzuarregui/.m2/repository/org/jboss/logging/jboss-logging/3.3.2.Final/jboss-logging-3.3.2.Final.jar:/home/mikel.zuzuarregui/.m2/repository/com/fasterxml/classmate/1.3.4/classmate-1.3.4.jar:/home/mikel.zuzuarregui/.m2/repository/org/springframework/spring-web/5.0.8.RELEASE/spring-web-5.0.8.RELEASE.jar:/home/mikel.zuzuarregui/.m2/repository/org/springframework/spring-beans/5.0.8.RELEASE/spring-beans-5.0.8.RELEASE.jar:/home/mikel.zuzuarregui/.m2/repository/org/springframework/spring-webmvc/5.0.8.RELEASE/spring-webmvc-5.0.8.RELEASE.jar:/home/mikel.zuzuarregui/.m2/repository/org/springframework/spring-aop/5.0.8.RELEASE/spring-aop-5.0.8.RELEASE.jar:/home/mikel.zuzuarregui/.m2/repository/org/springframework/spring-expression/5.0.8.RELEASE/spring-expression-5.0.8.RELEASE.jar:/home/mikel.zuzuarregui/.m2/repository/org/springframework/boot/spring-boot-devtools/2.0.4.RELEASE/spring-boot-devtools-2.0.4.RELEASE.jar:/home/mikel.zuzuarregui/.m2/repository/org/springframework/boot/spring-boot/2.0.4.RELEASE/spring-boot-2.0.4.RELEASE.jar:/home/mikel.zuzuarregui/.m2/repository/org/springframework/boot/spring-boot-autoconfigure/2.0.4.RELEASE/spring-boot-autoconfigure-2.0.4.RELEASE.jar:/home/mikel.zuzuarregui/.m2/repository/org/webjars/webjars-locator-core/0.35/webjars-locator-core-0.35.jar:/home/mikel.zuzuarregui/.m2/repository/org/slf4j/slf4j-api/1.7.25/slf4j-api-1.7.25.jar:/home/mikel.zuzuarregui/.m2/repository/org/apache/commons/commons-lang3/3.7/commons-lang3-3.7.jar:/home/mikel.zuzuarregui/.m2/repository/org/apache/commons/commons-compress/1.9/commons-compress-1.9.jar:/home/mikel.zuzuarregui/.m2/repository/com/fasterxml/jackson/core/jackson-core/2.9.6/jackson-core-2.9.6.jar:/home/mikel.zuzuarregui/.m2/repository/org/webjars/jquery/2.2.4/jquery-2.2.4.jar:/home/mikel.zuzuarregui/.m2/repository/org/webjars/jquery-ui/1.11.4/jquery-ui-1.11.4.jar:/home/mikel.zuzuarregui/.m2/repository/org/webjars/bootstrap/3.3.6/bootstrap-3.3.6.jar:/home/mikel.zuzuarregui/.m2/repository/org/springframework/boot/spring-boot-starter-test/2.0.4.RELEASE/spring-boot-starter-test-2.0.4.RELEASE.jar:/home/mikel.zuzuarregui/.m2/repository/org/springframework/boot/spring-boot-test/2.0.4.RELEASE/spring-boot-test-2.0.4.RELEASE.jar:/home/mikel.zuzuarregui/.m2/repository/org/springframework/boot/spring-boot-test-autoconfigure/2.0.4.RELEASE/spring-boot-test-autoconfigure-2.0.4.RELEASE.jar:/home/mikel.zuzuarregui/.m2/repository/com/jayway/jsonpath/json-path/2.4.0/json-path-2.4.0.jar:/home/mikel.zuzuarregui/.m2/repository/net/minidev/json-smart/2.3/json-smart-2.3.jar:/home/mikel.zuzuarregui/.m2/repository/net/minidev/accessors-smart/1.2/accessors-smart-1.2.jar:/home/mikel.zuzuarregui/.m2/repository/org/ow2/asm/asm/5.0.4/asm-5.0.4.jar:/home/mikel.zuzuarregui/.m2/repository/junit/junit/4.12/junit-4.12.jar:/home/mikel.zuzuarregui/.m2/repository/org/assertj/assertj-core/3.9.1/assertj-core-3.9.1.jar:/home/mikel.zuzuarregui/.m2/repository/org/mockito/mockito-core/2.15.0/mockito-core-2.15.0.jar:/home/mikel.zuzuarregui/.m2/repository/net/bytebuddy/byte-buddy/1.7.11/byte-buddy-1.7.11.jar:/home/mikel.zuzuarregui/.m2/repository/net/bytebuddy/byte-buddy-agent/1.7.11/byte-buddy-agent-1.7.11.jar:/home/mikel.zuzuarregui/.m2/repository/org/objenesis/objenesis/2.6/objenesis-2.6.jar:/home/mikel.zuzuarregui/.m2/repository/org/hamcrest/hamcrest-core/1.3/hamcrest-core-1.3.jar:/home/mikel.zuzuarregui/.m2/repository/org/hamcrest/hamcrest-library/1.3/hamcrest-library-1.3.jar:/home/mikel.zuzuarregui/.m2/repository/org/skyscreamer/jsonassert/1.5.0/jsonassert-1.5.0.jar:/home/mikel.zuzuarregui/.m2/repository/com/vaadin/external/google/android-json/0.0.20131108.vaadin1/android-json-0.0.20131108.vaadin1.jar:/home/mikel.zuzuarregui/.m2/repository/org/springframework/spring-core/5.0.8.RELEASE/spring-core-5.0.8.RELEASE.jar:/home/mikel.zuzuarregui/.m2/repository/org/springframework/spring-jcl/5.0.8.RELEASE/spring-jcl-5.0.8.RELEASE.jar:/home/mikel.zuzuarregui/.m2/repository/org/springframework/spring-test/5.0.8.RELEASE/spring-test-5.0.8.RELEASE.jar:/home/mikel.zuzuarregui/.m2/repository/org/xmlunit/xmlunit-core/2.5.1/xmlunit-core-2.5.1.jar:, user.name=mikel.zuzuarregui, java.vm.specification.version=1.8, sun.java.command=/home/mikel.zuzuarregui/workspace/di-pet-clinic/pet-clinic-web/target/surefire/surefirebooter6222916237523675612.jar /home/mikel.zuzuarregui/workspace/di-pet-clinic/pet-clinic-web/target/surefire 2018-08-17T16-04-53_006-jvmRun1 surefire2028702280138800129tmp surefire_08366884515544272399tmp, java.home=/usr/java/jdk1.8.0_181-amd64/jre, sun.arch.data.model=64, user.language=en, java.specification.vendor=Oracle Corporation, awt.toolkit=sun.awt.X11.XToolkit, java.vm.info=mixed mode, java.version=1.8.0_181, java.ext.dirs=/usr/java/jdk1.8.0_181-amd64/jre/lib/ext:/usr/java/packages/lib/ext, sun.boot.class.path=/usr/java/jdk1.8.0_181-amd64/jre/lib/resources.jar:/usr/java/jdk1.8.0_181-amd64/jre/lib/rt.jar:/usr/java/jdk1.8.0_181-amd64/jre/lib/sunrsasign.jar:/usr/java/jdk1.8.0_181-amd64/jre/lib/jsse.jar:/usr/java/jdk1.8.0_181-amd64/jre/lib/jce.jar:/usr/java/jdk1.8.0_181-amd64/jre/lib/charsets.jar:/usr/java/jdk1.8.0_181-amd64/jre/lib/jfr.jar:/usr/java/jdk1.8.0_181-amd64/jre/classes, java.vendor=Oracle Corporation, localRepository=/home/mikel.zuzuarregui/.m2/repository, file.separator=/, java.vendor.url.bug=http://bugreport.sun.com/bugreport/, sun.io.unicode.encoding=UnicodeLittle, sun.cpu.endian=little, sun.desktop=gnome, sun.cpu.isalist=}}, SystemEnvironmentPropertySource@770911223 {name='systemEnvironment', properties={PATH=/home/mikel.zuzuarregui/.sdkman/candidates/groovy/current/bin:/usr/local/bin:/usr/local/sbin:/usr/bin:/usr/sbin:/bin:/sbin:/opt/apache-maven/bin:/usr/local/go/bin:/home/mikel.zuzuarregui/go/bin:/home/mikel.zuzuarregui/.local/bin:/home/mikel.zuzuarregui/bin, XAUTHORITY=/run/gdm/auth-for-mikel.zuzuarregui-o7aSVV/database, IMSETTINGS_MODULE=none, HISTCONTROL=ignoredups, SDKMAN_VERSION=5.7.0+319, XMODIFIERS=@im=none, XDG_DATA_DIRS=/home/mikel.zuzuarregui/.local/share/flatpak/exports/share/:/var/lib/flatpak/exports/share/:/usr/local/share/:/usr/share/, GDMSESSION=gnome-classic, DBUS_SESSION_BUS_ADDRESS=unix:abstract=/tmp/dbus-2VkXYtgHYs,guid=d67f4b26b0bbfc20111fbc095b755596, XDG_CURRENT_DESKTOP=GNOME-Classic:GNOME, MAIL=/var/spool/mail/mikel.zuzuarregui, SSH_AGENT_PID=16059, SDKMAN_DIR=/home/mikel.zuzuarregui/.sdkman, SESSION_MANAGER=local/unix:@/tmp/.ICE-unix/15829,unix/unix:/tmp/.ICE-unix/15829, USERNAME=mikel.zuzuarregui, LOGNAME=mikel.zuzuarregui, PWD=/home/mikel.zuzuarregui/workspace/di-pet-clinic/pet-clinic-web, HISTTIMEFORMAT=%F %T , GJS_DEBUG_TOPICS=JS ERROR;JS LOG, LESSOPEN=||/usr/bin/lesspipe.sh %s, SHELL=/bin/bash, QT_GRAPHICSSYSTEM_CHECKED=1, GIO_LAUNCHED_DESKTOP_FILE=/home/mikel.zuzuarregui/.local/share/applications/jetbrains-idea.desktop, SDKMAN_CANDIDATES_API=https://api.sdkman.io/2, GOPATH=/home/mikel.zuzuarregui/go, OLDPWD=/home/mikel.zuzuarregui/workspace/di-pet-clinic/pet-clinic-web, GNOME_DESKTOP_SESSION_ID=this-is-deprecated, IMSETTINGS_INTEGRATE_DESKTOP=yes, XDG_SESSION_DESKTOP=gnome-classic, SHLVL=3, QT_IM_MODULE=xim, HISTSIZE=1000, TERM=dumb, LANG=en_IE.UTF-8, XDG_SESSION_TYPE=x11, XDG_SESSION_ID=1, DISPLAY=:0, GROOVY_HOME=/home/mikel.zuzuarregui/.sdkman/candidates/groovy/current, _=/usr/java/jdk1.8.0_181-amd64/jre/bin/java, SDKMAN_CANDIDATES_DIR=/home/mikel.zuzuarregui/.sdkman/candidates, GDM_LANG=en_IE.UTF-8, DESKTOP_SESSION=gnome-classic, SDKMAN_PLATFORM=Linux64, USER=mikel.zuzuarregui, XDG_MENU_PREFIX=gnome-, GIO_LAUNCHED_DESKTOP_FILE_PID=16645, WINDOWPATH=1, GJS_DEBUG_OUTPUT=stderr, XDG_SEAT=seat0, SSH_AUTH_SOCK=/run/user/1001/keyring/ssh, GOBIN=/home/mikel.zuzuarregui/go/bin, HOSTNAME=9KHTV42GP, GNOME_SHELL_SESSION_MODE=classic, XDG_RUNTIME_DIR=/run/user/1001, XDG_VTNR=1, HOME=/home/mikel.zuzuarregui}}]
16:04:55.128 [main] DEBUG org.springframework.core.io.support.PathMatchingResourcePatternResolver - Resolved classpath location [dipetclinic/] to resources [URL [file:/home/mikel.zuzuarregui/workspace/di-pet-clinic/pet-clinic-web/target/test-classes/dipetclinic/]]
16:04:55.128 [main] DEBUG org.springframework.core.io.support.PathMatchingResourcePatternResolver - Looking for matching resources in directory tree [/home/mikel.zuzuarregui/workspace/di-pet-clinic/pet-clinic-web/target/test-classes/dipetclinic]
16:04:55.128 [main] DEBUG org.springframework.core.io.support.PathMatchingResourcePatternResolver - Searching directory [/home/mikel.zuzuarregui/workspace/di-pet-clinic/pet-clinic-web/target/test-classes/dipetclinic] for files matching pattern [/home/mikel.zuzuarregui/workspace/di-pet-clinic/pet-clinic-web/target/test-classes/dipetclinic/*.class]
16:04:55.131 [main] DEBUG org.springframework.core.io.support.PathMatchingResourcePatternResolver - Resolved location pattern [classpath*:dipetclinic/*.class] to resources [file [/home/mikel.zuzuarregui/workspace/di-pet-clinic/pet-clinic-web/target/test-classes/dipetclinic/DiPetClinicApplicationTests.class]]
]]></system-out>
  </testcase>
</testsuite>